19 (-1, -1)
-1 (97, 0)
18 (-1, -1)
-1 (98, 0)
18 (-1, -1)
-1 (99, 0)
17 (-1, -1)
-1 (97, 0)
10 (-1, -1)
22 (-1, -1)
15 (-1, -1)
16 (-1, -1)
17 (-1, -1)
-1 (98, 0)
10 (-1, -1)
22 (-1, -1)
15 (-1, -1)
16 (-1, -1)
17 (-1, -1)
-1 (99, 0)
10 (-1, -1)
22 (-1, -1)
15 (-1, -1)
16 (-1, -1)
17 (-1, -1)
19 (-1, -1)
-1 (100, 0)
10 (-1, -1)
-1 (97, 0)
17 (-1, -1)
20 (-1, -1)
15 (-1, -1)
-1 (98, 0)
9 (-1, -1)
-1 (100, 0)
16 (-1, -1)
13 (-1, -1)
-1 (100, 0)
10 (-1, -1)
-1 (98, 0)
17 (-1, -1)
14 (-1, -1)
17 (-1, -1)
20 (-1, -1)
15 (-1, -1)
-1 (99, 0)
9 (-1, -1)
-1 (100, 0)
16 (-1, -1)
13 (-1, -1)
-1 (100, 0)
10 (-1, -1)
-1 (99, 0)
17 (-1, -1)
14 (-1, -1)
17 (-1, -1)
-1 (99, 0)
10 (-1, -1)
-2 (1, 0)
17 (-1, -1)
21 (-1, -1)
15 (-1, -1)
-1 (100, 0)
16 (-1, -1)
17 (-1, -1)
