Mar 13 18:17:01 osvm CRON[1844]: pam_unix(cron:session): session closed for user root
Mar 29 11:42:02 osvm sshd[1118]: Accepted password for rares from 10.0.2.2 port 2492 ssh2
Mar 15 12:17:01 osvm CRON[1362]: pam_unix(cron:session): session opened for user root by (uid=0)
Mar 15 14:06:22 osvm systemd-logind[892]: Watching system buttons on /dev/input/event0 (Power Button)
Mar 15 09:53:22 osvm sshd[1353]: pam_unix(sshd:session): session closed for user rares
Mar 29 09:51:53 osvm systemd-logind[853]: Removed session 1.
Mar 15 08:17:01 osvm CRON[1503]: pam_unix(cron:session): session opened for user root by (uid=0)
Mar 23 08:40:28 osvm sshd[1234]: Accepted password for rares from 10.0.2.2 port 1088 ssh2
Mar 20 16:02:56 osvm sshd[1119]: pam_unix(sshd:session): session opened for user rares by (uid=0)
Mar 23 08:59:52 osvm sshd[1115]: pam_unix(sshd:session): session closed for user rares
Mar 15 15:26:55 osvm sudo: pam_unix(sudo:session): session closed for user root
Mar 23 08:37:38 osvm systemd-logind[864]: New seat seat0.
Mar 22 12:13:58 osvm systemd: pam_unix(systemd-user:session): session opened for user rares by (uid=0)
Mar 13 19:50:33 osvm systemd-logind[808]: Removed session 3.
Mar 20 17:02:28 osvm sshd[1858]: pam_unix(sshd:session): session opened for user rares by (uid=0)
Mar 29 11:41:53 osvm systemd-logind[848]: New seat seat0.
Mar 13 17:10:24 osvm systemd-logind[808]: Watching system buttons on /dev/input/event1 (Sleep Button)
Mar 15 15:17:01 osvm CRON[1222]: pam_unix(cron:session): session opened for user root by (uid=0)
Mar 29 11:42:02 osvm systemd: pam_unix(systemd-user:session): session opened for user rares by (uid=0)
Mar 15 14:06:29 osvm sshd[1032]: Server listening on 0.0.0.0 port 22.
Mar 27 16:49:56 osvm systemd-logind[856]: New session 1 of user rares.
Mar 27 19:57:07 osvm systemd-logind[856]: Powering Off...
Mar 22 12:05:14 osvm systemd-logind[795]: New seat seat0.
Mar 29 14:17:01 osvm CRON[1198]: pam_unix(cron:session): session opened for user root by (uid=0)
Mar 15 09:52:23 osvm sudo: pam_unix(sudo:session): session closed for user root
Mar 20 16:02:56 osvm systemd-logind[878]: New session 1 of user rares.
Mar 29 11:42:18 osvm su[1222]: Successful su for root by root
Mar 29 12:17:01 osvm CRON[1250]: pam_unix(cron:session): session closed for user root
Mar 20 19:48:52 osvm systemd-logind[878]: System is powering down.
Mar 15 14:21:17 osvm sshd[1130]: Accepted password for rares from 10.0.2.2 port 1998 ssh2
Mar 20 16:02:33 osvm systemd-logind[878]: Watching system buttons on /dev/input/event1 (Sleep Button)
Mar 29 14:17:01 osvm CRON[1198]: pam_unix(cron:session): session closed for user root
Mar 15 08:00:04 osvm sshd[1309]: pam_unix(sshd:session): session opened for user rares by (uid=0)
Mar 15 13:30:12 osvm su[3706]: pam_unix(su:session): session opened for user root by rares(uid=0)
Mar 29 11:42:18 osvm su[1222]: pam_systemd(su:session): Cannot create session: Already running in a session
Mar 20 16:42:15 osvm systemd-logind[878]: New session 3 of user rares.
Mar 27 19:57:02 osvm sshd[1773]: pam_unix(sshd:session): session closed for user rares
Mar 23 08:37:57 osvm sshd[1115]: pam_unix(sshd:session): session opened for user rares by (uid=0)
Mar 20 16:08:22 osvm sshd[1119]: pam_unix(sshd:session): session closed for user rares
Mar 29 12:00:51 osvm systemd-logind[848]: System is powering down.
Mar 29 14:02:09 osvm systemd-logind[816]: Watching system buttons on /dev/input/event0 (Power Button)
Mar 15 08:00:04 osvm sshd[1309]: Accepted password for rares from 10.0.2.2 port 1510 ssh2
Mar 22 08:07:11 osvm sshd[5258]: Accepted password for rares from 10.0.2.2 port 1408 ssh2
Mar 13 17:10:46 osvm sshd[1349]: Accepted password for rares from 10.0.2.2 port 21700 ssh2
Mar 27 17:10:28 osvm systemd-logind[856]: New session 2 of user rares.
Mar 15 12:09:33 osvm systemd-logind[812]: New seat seat0.
Mar 29 13:53:59 osvm systemd-logind[844]: Removed session 1.
Mar 20 16:02:56 osvm systemd: pam_unix(systemd-user:session): session opened for user rares by (uid=0)
Mar 15 14:21:24 osvm su[1204]: Successful su for root by root
Mar 15 12:09:32 osvm systemd-logind[812]: Watching system buttons on /dev/input/event0 (Power Button)
Mar 22 13:51:01 osvm systemd-logind[795]: Powering Off...
Mar 15 09:52:23 osvm su[4775]: pam_unix(su:session): session closed for user root
Mar 27 19:57:03 osvm sshd[1312]: pam_unix(sshd:session): session closed for user rares
Mar 29 12:04:47 osvm systemd-logind[844]: Watching system buttons on /dev/input/event1 (Sleep Button)
Mar 29 14:02:38 osvm systemd-logind[816]: New session 1 of user rares.
Mar 15 13:51:03 osvm sshd[1101]: pam_unix(sshd:session): session closed for user rares
Mar 29 14:22:23 osvm sshd[1103]: pam_unix(sshd:session): session closed for user rares
Mar 22 12:13:58 osvm systemd-logind[795]: New session 1 of user rares.
Mar 29 13:54:05 osvm systemd-logind[844]: System is powering down.
Mar 29 12:06:38 osvm systemd-logind[844]: New session 1 of user rares.
Mar 27 17:17:01 osvm CRON[1966]: pam_unix(cron:session): session opened for user root by (uid=0)
Mar 29 12:04:51 osvm sshd[1023]: Server listening on 0.0.0.0 port 22.
Mar 22 09:17:01 osvm CRON[5660]: pam_unix(cron:session): session opened for user root by (uid=0)
Mar 15 07:55:52 osvm systemd-logind[858]: Watching system buttons on /dev/input/event3 (Video Bus)
Mar 15 12:09:36 osvm sshd[1008]: Server listening on :: port 22.
Mar 27 17:17:01 osvm CRON[1966]: pam_unix(cron:session): session closed for user root
Mar 29 12:06:38 osvm sshd[1117]: Accepted password for rares from 10.0.2.2 port 2621 ssh2
Mar 15 07:56:45 osvm sshd[1227]: Accepted password for rares from 10.0.2.2 port 1509 ssh2
Mar 27 16:49:46 osvm systemd-logind[856]: New seat seat0.
Mar 29 13:17:01 osvm CRON[1572]: pam_unix(cron:session): session closed for user root
Mar 15 09:17:01 osvm CRON[2014]: pam_unix(cron:session): session opened for user root by (uid=0)
Mar 15 07:56:45 osvm systemd: pam_unix(systemd-user:session): session opened for user rares by (uid=0)
Mar 20 19:17:01 osvm CRON[2848]: pam_unix(cron:session): session closed for user root
Mar 27 19:57:03 osvm systemd-logind[856]: Removed session 1.
Mar 27 16:49:48 osvm sshd[1005]: Server listening on :: port 22.
Mar 13 19:50:33 osvm sshd[1349]: pam_unix(sshd:session): session closed for user rares
Mar 29 11:42:18 osvm su[1222]: pam_unix(su:session): session opened for user root by rares(uid=0)
Mar 29 12:04:47 osvm systemd-logind[844]: New seat seat0.
Mar 23 08:59:52 osvm systemd-logind[864]: Removed session 1.
Mar 20 17:17:01 osvm CRON[2197]: pam_unix(cron:session): session closed for user root
Mar 29 14:22:28 osvm systemd-logind[816]: Power key pressed.
Mar 15 07:55:52 osvm systemd-logind[858]: Watching system buttons on /dev/input/event1 (Sleep Button)
Mar 23 08:37:38 osvm systemd-logind[864]: Watching system buttons on /dev/input/event0 (Power Button)
Mar 15 14:21:24 osvm su[1204]: + /dev/pts/0 root:root
Mar 15 09:53:51 osvm systemd-logind[858]: Power key pressed.
Mar 22 09:17:02 osvm CRON[5660]: pam_unix(cron:session): session closed for user root
Mar 22 13:21:59 osvm sshd[1391]: pam_unix(sshd:session): session opened for user rares by (uid=0)
Mar 29 12:00:51 osvm systemd-logind[848]: Power key pressed.
Mar 15 14:06:22 osvm systemd-logind[892]: Watching system buttons on /dev/input/event1 (Sleep Button)
Mar 13 17:17:43 osvm sshd[1576]: Accepted password for rares from 10.0.2.2 port 21716 ssh2
Mar 29 11:41:53 osvm systemd-logind[848]: Watching system buttons on /dev/input/event1 (Sleep Button)
Mar 22 13:50:55 osvm sshd[1124]: pam_unix(sshd:session): session closed for user rares
Mar 29 09:52:39 osvm systemd-logind[853]: System is powering down.
Mar 15 13:30:12 osvm su[3706]: + /dev/pts/0 root:root
Mar 29 12:17:01 osvm CRON[1250]: pam_unix(cron:session): session opened for user root by (uid=0)
Mar 20 17:17:01 osvm CRON[2197]: pam_unix(cron:session): session opened for user root by (uid=0)
Mar 15 13:17:01 osvm CRON[2146]: pam_unix(cron:session): session opened for user root by (uid=0)
Mar 29 09:51:53 osvm sshd[1447]: pam_unix(sshd:session): session closed for user rares
Mar 29 11:55:50 osvm sudo: pam_unix(sudo:session): session closed for user root
Mar 22 08:04:42 osvm systemd-logind[863]: Watching system buttons on /dev/input/event0 (Power Button)
Mar 29 12:07:03 osvm sshd[1206]: Accepted password for rares from 10.0.2.2 port 2622 ssh2
Mar 15 16:17:01 osvm CRON[2693]: pam_unix(cron:session): session opened for user root by (uid=0)
Mar 15 12:17:01 osvm CRON[1362]: pam_unix(cron:session): session closed for user root
Mar 15 15:27:14 osvm sshd[1231]: pam_unix(sshd:session): session opened for user rares by (uid=0)
Mar 15 12:09:36 osvm sshd[1008]: Server listening on 0.0.0.0 port 22.
Mar 22 13:50:55 osvm sshd[1391]: pam_unix(sshd:session): session closed for user rares
Mar 29 08:17:01 osvm CRON[2231]: pam_unix(cron:session): session closed for user root
Mar 22 08:07:11 osvm systemd: pam_unix(systemd-user:session): session opened for user rares by (uid=0)
Mar 15 16:36:46 osvm sshd[1130]: pam_unix(sshd:session): session closed for user rares
Mar 22 13:50:55 osvm systemd-logind[795]: Removed session 4.
Mar 29 08:02:05 osvm systemd-logind[853]: Watching system buttons on /dev/input/event0 (Power Button)
Mar 23 08:40:19 osvm sshd[1234]: pam_unix(sshd:auth): authentication failure; logname= uid=0 euid=0 tty=ssh ruser= rhost=10.0.2.2  user=rares
Mar 29 09:52:39 osvm systemd-logind[853]: Powering Off...
Mar 15 13:30:12 osvm sudo:    rares : TTY=pts/0 ; PWD=/home/rares/nessie/course/os/res/osvm/2018/lecture-03-ro ; USER=root ; COMMAND=/bin/su -
Mar 22 08:07:11 osvm sshd[5258]: pam_unix(sshd:session): session opened for user rares by (uid=0)
Mar 15 13:32:47 osvm sudo: pam_unix(sudo:session): session closed for user root
Mar 15 12:09:41 osvm sshd[1101]: pam_unix(sshd:session): session opened for user rares by (uid=0)
Mar 23 08:57:21 osvm systemd-logind[864]: Removed session 2.
Mar 15 09:17:01 osvm CRON[2014]: pam_unix(cron:session): session closed for user root
Mar 29 12:07:03 osvm systemd-logind[844]: New session 2 of user rares.
Mar 20 18:17:01 osvm CRON[2301]: pam_unix(cron:session): session closed for user root
Mar 15 08:00:17 osvm sshd[1353]: Accepted password for rares from 10.0.2.2 port 1511 ssh2
Mar 27 16:49:46 osvm systemd-logind[856]: Watching system buttons on /dev/input/event0 (Power Button)
Mar 15 14:21:24 osvm su[1204]: pam_unix(su:session): session opened for user root by rares(uid=0)
Mar 13 17:17:43 osvm systemd-logind[808]: New session 3 of user rares.
Mar 29 14:02:09 osvm systemd-logind[816]: Watching system buttons on /dev/input/event1 (Sleep Button)
Mar 22 08:04:42 osvm systemd-logind[863]: Watching system buttons on /dev/input/event1 (Sleep Button)
Mar 15 12:09:32 osvm systemd-logind[812]: Watching system buttons on /dev/input/event1 (Sleep Button)
Mar 15 07:56:45 osvm systemd-logind[858]: New session 1 of user rares.
Mar 15 09:51:36 osvm su[4775]: pam_unix(su:session): session opened for user root by rares(uid=0)
Mar 15 08:17:01 osvm CRON[1503]: pam_unix(cron:session): session closed for user root
Mar 15 14:21:24 osvm sudo: pam_unix(sudo:session): session opened for user root by rares(uid=0)
Mar 15 14:17:01 osvm CRON[1127]: pam_unix(cron:session): session opened for user root by (uid=0)
Mar 20 16:42:15 osvm systemd: pam_unix(systemd-user:session): session opened for user rares by (uid=0)
Mar 27 18:17:01 osvm CRON[9626]: pam_unix(cron:session): session closed for user root
Mar 13 17:17:43 osvm sshd[1576]: pam_unix(sshd:session): session opened for user rares by (uid=0)
Mar 29 14:22:28 osvm systemd-logind[816]: System is powering down.
Mar 13 17:10:24 osvm systemd-logind[808]: Watching system buttons on /dev/input/event3 (Video Bus)
Mar 29 08:02:05 osvm systemd-logind[853]: Watching system buttons on /dev/input/event1 (Sleep Button)
Mar 15 07:55:52 osvm systemd-logind[858]: New seat seat0.
Mar 29 13:54:05 osvm systemd-logind[844]: Powering Off...
Mar 27 16:49:56 osvm systemd: pam_unix(systemd-user:session): session opened for user rares by (uid=0)
Mar 20 19:17:01 osvm CRON[2848]: pam_unix(cron:session): session opened for user root by (uid=0)
Mar 15 09:51:36 osvm sudo:    rares : TTY=pts/1 ; PWD=/home/rares/nessie/course/os/res/osvm/2018/lecture-03-en ; USER=root ; COMMAND=/bin/su -
Mar 29 14:02:09 osvm systemd-logind[816]: New seat seat0.
Mar 27 19:57:02 osvm systemd-logind[856]: Removed session 2.
Mar 22 13:21:59 osvm sshd[1391]: Accepted password for rares from 10.0.2.2 port 1820 ssh2
Mar 20 17:02:28 osvm systemd-logind[878]: New session 4 of user rares.
Mar 20 16:42:15 osvm sshd[1250]: pam_unix(sshd:session): session opened for user rares by (uid=0)
Mar 15 12:09:41 osvm sshd[1101]: Accepted password for rares from 10.0.2.2 port 1783 ssh2
Mar 13 17:10:46 osvm systemd-logind[808]: New session 1 of user rares.
Mar 20 18:17:01 osvm CRON[2301]: pam_unix(cron:session): session opened for user root by (uid=0)
Mar 22 12:05:14 osvm systemd-logind[795]: Watching system buttons on /dev/input/event3 (Video Bus)
Mar 15 08:00:05 osvm systemd-logind[858]: New session 2 of user rares.
Mar 20 17:02:28 osvm sshd[1858]: Accepted password for rares from 10.0.2.2 port 1352 ssh2
Mar 29 11:41:56 osvm sshd[1028]: Server listening on 0.0.0.0 port 22.
Mar 22 08:07:11 osvm systemd-logind[863]: New session 1 of user rares.
Mar 23 08:37:41 osvm sshd[1024]: Server listening on 0.0.0.0 port 22.
Mar 20 16:02:43 osvm sshd[1024]: Server listening on 0.0.0.0 port 22.
Mar 23 08:59:58 osvm systemd-logind[864]: Power key pressed.
Mar 23 08:37:57 osvm systemd: pam_unix(systemd-user:session): session opened for user rares by (uid=0)
Mar 29 14:22:28 osvm systemd-logind[816]: Powering Off...
Mar 27 19:57:07 osvm systemd-logind[856]: System is powering down.
Mar 23 08:59:58 osvm systemd-logind[864]: System is powering down.
Mar 29 08:02:55 osvm sshd[1447]: pam_unix(sshd:session): session opened for user rares by (uid=0)
Mar 29 14:02:38 osvm sshd[1103]: pam_unix(sshd:session): session opened for user rares by (uid=0)
Mar 15 13:51:57 osvm systemd-logind[812]: System is powering down.
Mar 20 16:02:33 osvm systemd-logind[878]: Watching system buttons on /dev/input/event3 (Video Bus)
Mar 29 11:41:53 osvm systemd-logind[848]: Watching system buttons on /dev/input/event0 (Power Button)
Mar 13 17:10:27 osvm sshd[1034]: Server listening on :: port 22.
Mar 15 13:51:57 osvm systemd-logind[812]: Powering Off...
Mar 27 18:17:01 osvm CRON[9626]: pam_unix(cron:session): session opened for user root by (uid=0)
Mar 15 12:09:32 osvm systemd-logind[812]: Watching system buttons on /dev/input/event3 (Video Bus)
Mar 29 11:42:18 osvm sudo:    rares : TTY=pts/1 ; PWD=/home/rares ; USER=root ; COMMAND=/bin/su -
Mar 15 09:53:26 osvm systemd-logind[858]: Removed session 2.
Mar 15 14:21:24 osvm sudo:    rares : TTY=pts/0 ; PWD=/home/rares ; USER=root ; COMMAND=/bin/su -
Mar 15 07:59:38 osvm systemd-logind[858]: Removed session 1.
Mar 15 14:21:17 osvm systemd-logind[892]: New session 2 of user rares.
Mar 15 09:51:36 osvm su[4775]: pam_systemd(su:session): Cannot create session: Already running in a session
Mar 29 11:42:13 osvm sshd[1184]: Accepted password for rares from 10.0.2.2 port 2493 ssh2
Mar 23 08:40:28 osvm sshd[1234]: pam_unix(sshd:session): session opened for user rares by (uid=0)
Mar 15 08:00:17 osvm systemd-logind[858]: New session 3 of user rares.
Mar 13 17:17:01 osvm CRON[1573]: pam_unix(cron:session): session closed for user root
Mar 23 08:37:57 osvm systemd-logind[864]: New session 1 of user rares.
Mar 20 16:17:01 osvm CRON[1242]: pam_unix(cron:session): session opened for user root by (uid=0)
Mar 22 09:52:50 osvm systemd-logind[863]: Powering Off...
Mar 29 14:02:38 osvm systemd: pam_unix(systemd-user:session): session opened for user rares by (uid=0)
Mar 23 08:37:57 osvm sshd[1115]: Accepted password for rares from 10.0.2.2 port 1076 ssh2
Mar 29 11:55:50 osvm su[1222]: pam_unix(su:session): session closed for user root
Mar 22 12:13:58 osvm sshd[1124]: Accepted password for rares from 10.0.2.2 port 1743 ssh2
Mar 29 08:02:55 osvm systemd: pam_unix(systemd-user:session): session opened for user rares by (uid=0)
Mar 15 13:48:33 osvm su[24053]: Successful su for root by root
Mar 22 08:04:42 osvm systemd-logind[863]: Watching system buttons on /dev/input/event3 (Video Bus)
Mar 15 07:56:45 osvm sshd[1227]: pam_unix(sshd:session): session opened for user rares by (uid=0)
Mar 15 13:51:02 osvm su[24053]: pam_unix(su:session): session closed for user root
Mar 15 14:21:18 osvm systemd: pam_unix(systemd-user:session): session opened for user rares by (uid=0)
Mar 22 08:07:41 osvm sshd[5353]: Accepted password for rares from 10.0.2.2 port 1409 ssh2
Mar 15 07:55:55 osvm sshd[1006]: Server listening on :: port 22.
Mar 15 07:55:55 osvm sshd[1006]: Server listening on 0.0.0.0 port 22.
Mar 29 14:02:38 osvm sshd[1103]: Accepted password for rares from 10.0.2.2 port 2768 ssh2
Mar 29 11:42:18 osvm su[1222]: + /dev/pts/1 root:root
Mar 15 08:00:05 osvm systemd: pam_unix(systemd-user:session): session opened for user rares by (uid=0)
Mar 23 08:57:21 osvm sshd[1234]: pam_unix(sshd:session): session closed for user rares
Mar 15 13:51:02 osvm sudo: pam_unix(sudo:session): session closed for user root
Mar 22 12:17:01 osvm CRON[1311]: pam_unix(cron:session): session closed for user root
Mar 29 08:03:22 osvm systemd-logind[853]: New session 2 of user rares.
Mar 22 09:52:39 osvm systemd-logind[863]: Removed session 2.
Mar 29 08:02:05 osvm systemd-logind[853]: New seat seat0.
Mar 15 13:30:12 osvm su[3706]: pam_systemd(su:session): Cannot create session: Already running in a session
Mar 29 12:00:37 osvm systemd-logind[848]: Removed session 1.
Mar 15 16:36:46 osvm sshd[1231]: pam_unix(sshd:session): session closed for user rares
Mar 29 08:02:55 osvm systemd-logind[853]: New session 1 of user rares.
Mar 15 15:27:14 osvm systemd-logind[892]: New session 4 of user rares.
Mar 29 09:17:01 osvm CRON[2802]: pam_unix(cron:session): session opened for user root by (uid=0)
Mar 13 17:10:46 osvm sshd[1349]: pam_unix(sshd:session): session opened for user rares by (uid=0)
Mar 15 13:51:03 osvm sshd[1166]: pam_unix(sshd:session): session closed for user rares
Mar 29 11:42:13 osvm sshd[1184]: pam_unix(sshd:session): session opened for user rares by (uid=0)
Mar 15 13:32:47 osvm su[3706]: pam_unix(su:session): session closed for user root
Mar 15 09:53:51 osvm systemd-logind[858]: Powering Off...
Mar 15 08:00:17 osvm sshd[1353]: pam_unix(sshd:session): session opened for user rares by (uid=0)
Mar 15 07:55:52 osvm systemd-logind[858]: Watching system buttons on /dev/input/event0 (Power Button)
Mar 22 12:05:14 osvm systemd-logind[795]: Watching system buttons on /dev/input/event1 (Sleep Button)
Mar 15 14:17:01 osvm CRON[1127]: pam_unix(cron:session): session closed for user root
Mar 23 08:40:28 osvm systemd-logind[864]: New session 2 of user rares.
Mar 27 19:57:07 osvm systemd-logind[856]: Power key pressed.
Mar 29 12:00:37 osvm sshd[1118]: pam_unix(sshd:session): session closed for user rares
Mar 22 08:04:42 osvm systemd-logind[863]: New seat seat0.
Mar 29 12:07:03 osvm sshd[1206]: pam_unix(sshd:session): session opened for user rares by (uid=0)
Mar 27 19:17:01 osvm CRON[10590]: pam_unix(cron:session): session opened for user root by (uid=0)
Mar 15 14:21:24 osvm su[1204]: pam_systemd(su:session): Cannot create session: Already running in a session
Mar 29 12:00:51 osvm systemd-logind[848]: Powering Off...
Mar 29 09:51:53 osvm systemd-logind[853]: Removed session 2.
Mar 15 13:48:33 osvm su[24053]: + /dev/pts/1 root:root
Mar 15 12:09:53 osvm systemd-logind[812]: New session 2 of user rares.
Mar 15 09:51:36 osvm sudo: pam_unix(sudo:session): session opened for user root by rares(uid=0)
Mar 15 13:51:03 osvm systemd-logind[812]: Removed session 1.
Mar 29 09:51:53 osvm sshd[2186]: pam_unix(sshd:session): session closed for user rares
Mar 13 19:50:41 osvm systemd-logind[808]: Power key pressed.
Mar 22 12:17:01 osvm CRON[1311]: pam_unix(cron:session): session opened for user root by (uid=0)
Mar 20 19:48:33 osvm sshd[1858]: pam_unix(sshd:session): session closed for user rares
Mar 22 08:17:01 osvm CRON[5478]: pam_unix(cron:session): session closed for user root
Mar 22 08:07:41 osvm sshd[5353]: pam_unix(sshd:session): session opened for user rares by (uid=0)
Mar 29 12:06:38 osvm systemd: pam_unix(systemd-user:session): session opened for user rares by (uid=0)
Mar 22 09:52:50 osvm systemd-logind[863]: Power key pressed.
Mar 15 13:30:12 osvm su[3706]: Successful su for root by root
Mar 15 13:48:33 osvm sudo:    rares : TTY=pts/1 ; PWD=/home/rares/nessie/course/os/res/osvm/2018/lecture-03-ro ; USER=root ; COMMAND=/bin/su -
Mar 27 19:17:01 osvm CRON[10590]: pam_unix(cron:session): session closed for user root
Mar 15 16:37:16 osvm systemd-logind[892]: Powering Off...
Mar 29 13:17:01 osvm CRON[1572]: pam_unix(cron:session): session opened for user root by (uid=0)
Mar 29 11:41:56 osvm sshd[1028]: Server listening on :: port 22.
Mar 29 13:53:59 osvm systemd-logind[844]: Removed session 2.
Mar 20 16:17:01 osvm CRON[1242]: pam_unix(cron:session): session closed for user root
Mar 29 14:22:23 osvm systemd-logind[816]: Removed session 1.
Mar 23 08:37:38 osvm systemd-logind[864]: Watching system buttons on /dev/input/event3 (Video Bus)
Mar 15 13:51:57 osvm systemd-logind[812]: Power key pressed.
Mar 23 08:37:38 osvm systemd-logind[864]: Watching system buttons on /dev/input/event1 (Sleep Button)
Mar 13 17:10:46 osvm systemd: pam_unix(systemd-user:session): session opened for user rares by (uid=0)
Mar 29 13:53:59 osvm sshd[1206]: pam_unix(sshd:session): session closed for user rares
Mar 15 14:06:29 osvm sshd[1032]: Server listening on :: port 22.
Mar 29 09:52:39 osvm systemd-logind[853]: Power key pressed.
Mar 15 12:09:41 osvm systemd: pam_unix(systemd-user:session): session opened for user rares by (uid=0)
Mar 29 12:04:47 osvm systemd-logind[844]: Watching system buttons on /dev/input/event3 (Video Bus)
Mar 22 12:05:14 osvm systemd-logind[795]: Watching system buttons on /dev/input/event0 (Power Button)
Mar 29 08:17:01 osvm CRON[2231]: pam_unix(cron:session): session opened for user root by (uid=0)
Mar 20 19:48:38 osvm sshd[1250]: pam_unix(sshd:session): session closed for user rares
Mar 15 14:06:22 osvm systemd-logind[892]: New seat seat0.
Mar 15 09:53:26 osvm sshd[1309]: pam_unix(sshd:session): session closed for user rares
Mar 15 15:27:14 osvm sshd[1231]: Accepted password for rares from 10.0.2.2 port 2179 ssh2
Mar 29 11:41:53 osvm systemd-logind[848]: Watching system buttons on /dev/input/event3 (Video Bus)
Mar 20 16:02:33 osvm systemd-logind[878]: Watching system buttons on /dev/input/event0 (Power Button)
Mar 13 19:50:41 osvm sshd[1034]: Received signal 15; terminating.
Mar 15 16:36:46 osvm systemd-logind[892]: Removed session 4.
Mar 20 19:48:38 osvm systemd-logind[878]: Removed session 3.
Mar 13 19:17:01 osvm CRON[1893]: pam_unix(cron:session): session opened for user root by (uid=0)
Mar 15 09:51:36 osvm su[4775]: Successful su for root by root
Mar 22 08:17:01 osvm CRON[5478]: pam_unix(cron:session): session opened for user root by (uid=0)
Mar 20 16:02:33 osvm systemd-logind[878]: New seat seat0.
Mar 15 14:21:17 osvm sshd[1130]: pam_unix(sshd:session): session opened for user rares by (uid=0)
Mar 27 16:49:48 osvm sshd[1005]: Server listening on 0.0.0.0 port 22.
Mar 13 17:10:24 osvm systemd-logind[808]: Watching system buttons on /dev/input/event0 (Power Button)
Mar 22 09:52:39 osvm systemd-logind[863]: Removed session 1.
Mar 15 14:06:22 osvm systemd-logind[892]: Watching system buttons on /dev/input/event3 (Video Bus)
Mar 29 08:02:05 osvm systemd-logind[853]: Watching system buttons on /dev/input/event3 (Video Bus)
Mar 29 09:17:01 osvm CRON[2802]: pam_unix(cron:session): session closed for user root
Mar 20 16:02:56 osvm sshd[1119]: Accepted password for rares from 10.0.2.2 port 1094 ssh2
Mar 15 09:53:51 osvm systemd-logind[858]: System is powering down.
Mar 15 13:17:01 osvm CRON[2146]: pam_unix(cron:session): session closed for user root
Mar 20 16:02:43 osvm sshd[1024]: Server listening on :: port 22.
Mar 22 09:52:39 osvm sshd[5258]: pam_unix(sshd:session): session closed for user rares
Mar 22 13:50:55 osvm systemd-logind[795]: Removed session 1.
Mar 20 16:42:15 osvm sshd[1250]: Accepted password for rares from 10.0.2.2 port 1306 ssh2
Mar 22 12:13:58 osvm sshd[1124]: pam_unix(sshd:session): session opened for user rares by (uid=0)
Mar 20 19:48:33 osvm systemd-logind[878]: Removed session 4.
Mar 13 19:50:33 osvm sshd[1576]: pam_unix(sshd:session): session closed for user rares
Mar 29 11:42:13 osvm systemd-logind[848]: New session 2 of user rares.
Mar 13 19:17:01 osvm CRON[1893]: pam_unix(cron:session): session closed for user root
Mar 23 08:59:58 osvm systemd-logind[864]: Powering Off...
Mar 15 13:48:33 osvm su[24053]: pam_systemd(su:session): Cannot create session: Already running in a session
Mar 15 13:30:12 osvm sudo: pam_unix(sudo:session): session opened for user root by rares(uid=0)
Mar 27 16:49:56 osvm sshd[1312]: Accepted password for rares from 10.0.2.2 port 9264 ssh2
Mar 13 17:10:24 osvm systemd-logind[808]: New seat seat0.
Mar 22 12:05:18 osvm sshd[1032]: Server listening on :: port 22.
Mar 22 12:05:18 osvm sshd[1032]: Server listening on 0.0.0.0 port 22.
Mar 22 13:51:01 osvm systemd-logind[795]: Power key pressed.
Mar 29 11:42:18 osvm sudo: pam_unix(sudo:session): session opened for user root by rares(uid=0)
Mar 29 08:02:55 osvm sshd[1447]: Accepted password for rares from 10.0.2.2 port 1381 ssh2
Mar 23 08:40:21 osvm sshd[1234]: Failed password for rares from 10.0.2.2 port 1088 ssh2
Mar 22 13:17:01 osvm CRON[1359]: pam_unix(cron:session): session opened for user root by (uid=0)
Mar 27 16:49:56 osvm sshd[1312]: pam_unix(sshd:session): session opened for user rares by (uid=0)
Mar 22 13:51:01 osvm systemd-logind[795]: System is powering down.
Mar 15 13:48:33 osvm sudo: pam_unix(sudo:session): session opened for user root by rares(uid=0)
Mar 22 08:07:41 osvm systemd-logind[863]: New session 2 of user rares.
Mar 22 09:52:39 osvm sshd[5353]: pam_unix(sshd:session): session closed for user rares
Mar 15 16:37:16 osvm systemd-logind[892]: System is powering down.
Mar 15 13:48:33 osvm su[24053]: pam_unix(su:session): session opened for user root by rares(uid=0)
Mar 15 12:09:53 osvm sshd[1166]: pam_unix(sshd:session): session opened for user rares by (uid=0)
Mar 15 07:59:38 osvm sshd[1227]: pam_unix(sshd:session): session closed for user rares
Mar 29 12:06:38 osvm sshd[1117]: pam_unix(sshd:session): session opened for user rares by (uid=0)
Mar 15 15:17:01 osvm CRON[1222]: pam_unix(cron:session): session closed for user root
Mar 27 16:49:46 osvm systemd-logind[856]: Watching system buttons on /dev/input/event1 (Sleep Button)
Mar 22 09:52:50 osvm systemd-logind[863]: System is powering down.
Mar 29 12:04:47 osvm systemd-logind[844]: Watching system buttons on /dev/input/event0 (Power Button)
Mar 29 08:02:08 osvm sshd[1012]: Server listening on 0.0.0.0 port 22.
Mar 15 15:26:55 osvm su[1204]: pam_unix(su:session): session closed for user root
Mar 27 17:10:28 osvm sshd[1773]: pam_unix(sshd:session): session opened for user rares by (uid=0)
Mar 15 12:09:53 osvm sshd[1166]: Accepted password for rares from 10.0.2.2 port 1784 ssh2
Mar 29 13:53:59 osvm sshd[1117]: pam_unix(sshd:session): session closed for user rares
Mar 13 19:50:41 osvm systemd-logind[808]: System is powering down.
Mar 13 19:50:41 osvm systemd-logind[808]: Powering Off...
Mar 22 13:21:59 osvm systemd-logind[795]: New session 4 of user rares.
Mar 23 08:37:41 osvm sshd[1024]: Server listening on :: port 22.
Mar 15 12:09:41 osvm systemd-logind[812]: New session 1 of user rares.
Mar 15 09:51:36 osvm su[4775]: + /dev/pts/1 root:root
Mar 29 12:00:34 osvm sshd[1184]: pam_unix(sshd:session): session closed for user rares
Mar 20 19:48:52 osvm systemd-logind[878]: Power key pressed.
Mar 22 13:17:01 osvm CRON[1359]: pam_unix(cron:session): session closed for user root
Mar 27 17:10:28 osvm sshd[1773]: Accepted password for rares from 10.0.2.2 port 9304 ssh2
Mar 15 16:36:46 osvm systemd-logind[892]: Removed session 2.
Mar 20 16:08:22 osvm systemd-logind[878]: Removed session 1.
Mar 29 13:54:05 osvm systemd-logind[844]: Power key pressed.
Mar 29 08:02:08 osvm sshd[1012]: Server listening on :: port 22.
Mar 20 19:48:52 osvm systemd-logind[878]: Powering Off...
Mar 29 08:03:22 osvm sshd[2186]: pam_unix(sshd:session): session opened for user rares by (uid=0)
Mar 15 16:17:01 osvm CRON[2693]: pam_unix(cron:session): session closed for user root
Mar 29 11:42:02 osvm systemd-logind[848]: New session 1 of user rares.
Mar 13 18:17:01 osvm CRON[1844]: pam_unix(cron:session): session opened for user root by (uid=0)
Mar 22 08:04:45 osvm sshd[1005]: Server listening on :: port 22.
Mar 29 12:00:34 osvm systemd-logind[848]: Removed session 2.
Mar 29 14:02:11 osvm sshd[1007]: Server listening on :: port 22.
Mar 29 14:02:09 osvm systemd-logind[816]: Watching system buttons on /dev/input/event3 (Video Bus)
Mar 13 17:17:01 osvm CRON[1573]: pam_unix(cron:session): session opened for user root by (uid=0)
Mar 15 09:53:22 osvm systemd-logind[858]: Removed session 3.
Mar 29 12:04:51 osvm sshd[1023]: Server listening on :: port 22.
Mar 13 19:50:33 osvm systemd-logind[808]: Removed session 1.
Mar 15 16:37:16 osvm systemd-logind[892]: Power key pressed.
Mar 27 16:49:46 osvm systemd-logind[856]: Watching system buttons on /dev/input/event3 (Video Bus)
Mar 22 08:04:45 osvm sshd[1005]: Server listening on 0.0.0.0 port 22.
Mar 13 17:10:27 osvm sshd[1034]: Server listening on 0.0.0.0 port 22.
Mar 29 08:03:22 osvm sshd[2186]: Accepted password for rares from 10.0.2.2 port 1386 ssh2
Mar 29 14:02:11 osvm sshd[1007]: Server listening on 0.0.0.0 port 22.
Mar 29 11:42:02 osvm sshd[1118]: pam_unix(sshd:session): session opened for user rares by (uid=0)
